<?xml version="1.0" encoding="UTF-8"?>
<!-- Generated by org.testng.reporters.JUnitReportReporter -->
<testsuite skipped="0" hostname="DESKTOP-STL6G5G" name="com.microtest.tests.GetAPITest" tests="1" failures="0" timestamp="04 Apr 2020 15:09:00 GMT" time="0.971" errors="0">
  <testcase name="getAPITest" time="0.971" classname="com.microtest.tests.GetAPITest"/>
</testsuite> <!-- com.microtest.tests.GetAPITest -->
