<?xml version="1.0" encoding="UTF-8"?>
<!-- Generated by org.testng.reporters.JUnitReportReporter -->
<testsuite skipped="0" hostname="DESKTOP-STL6G5G" name="com.microtest.tests.RequestExecutor" tests="3" failures="0" timestamp="10 Apr 2020 13:12:22 GMT" time="13.918" errors="0">
  <testcase name="postAPITest" time="11.148" classname="com.microtest.tests.RequestExecutor"/>
  <testcase name="APITest" time="0.280" classname="com.microtest.tests.RequestExecutor"/>
  <testcase name="getAPITest" time="2.490" classname="com.microtest.tests.RequestExecutor"/>
</testsuite> <!-- com.microtest.tests.RequestExecutor -->
