<?xml version="1.0" encoding="UTF-8"?>
<!-- Generated by org.testng.reporters.JUnitReportReporter -->
<testsuite skipped="0" hostname="DESKTOP-STL6G5G" name="com.microtest.tests.APITest" tests="2" failures="0" timestamp="05 Apr 2020 11:02:05 GMT" time="14.681" errors="0">
  <testcase name="postAPITest" time="13.745" classname="com.microtest.tests.APITest"/>
  <testcase name="getAPITest" time="0.936" classname="com.microtest.tests.APITest"/>
</testsuite> <!-- com.microtest.tests.APITest -->
